#
# A fatal error has been detected by the Java Runtime Environment:
#
#  EXCEPTION_ACCESS_VIOLATION (0xc0000005) at pc=0x6e64c3f0, pid=7588, tid=8320
#
# JRE version: Java(TM) SE Runtime Environment (8.0_51-b16) (build 1.8.0_51-b16)
# Java VM: Java HotSpot(TM) Client VM (25.51-b03 mixed mode windows-x86 )
# Problematic frame:
# C  [gdx-box2d.dll+0xc3f0]
#
# Failed to write core dump. Minidumps are not enabled by default on client versions of Windows
#
# If you would like to submit a bug report, please visit:
#   http://bugreport.java.com/bugreport/crash.jsp
# The crash happened outside the Java Virtual Machine in native code.
# See problematic frame for where to report the bug.
#

---------------  T H R E A D  ---------------

Current thread (0x05993c00):  JavaThread "LWJGL Application" [_thread_in_native, id=8320, stack(0x06280000,0x062d0000)]

siginfo: ExceptionCode=0xc0000005, reading address 0x3edf0000

Registers:
EAX=0x3edf0000, EBX=0x0abb1af0, ECX=0x0abb1af0, EDX=0x000000a8
ESP=0x062cf080, EBP=0x00000005, ESI=0x0abb1b04, EDI=0x0a0588e8
EIP=0x6e64c3f0, EFLAGS=0x00010206

Top of Stack: (sp=0x062cf080)
0x062cf080:   000007cf 0abcacc8 062cf0a8 6e67e3db
0x062cf090:   01993d40 062cf36c 0645a600 062cf0bc
0x062cf0a0:   0a0549e0 00000000 062cf128 00000018
0x062cf0b0:   0a0583a8 0a0588e8 062cf0d8 6e64d336
0x062cf0c0:   00000094 0a0588e8 00000000 00000018
0x062cf0d0:   0a0583a8 00000018 062cf128 6e65f998
0x062cf0e0:   0a0583a8 00000018 0a0588e8 00000000
0x062cf0f0:   0abb1af0 0a0549e0 0abcacc8 00000000 

Instructions: (pc=0x6e64c3f0)
0x6e64c3d0:   00 00 0f 8f ea 00 00 00 0f b6 86 60 f0 68 6e 3c
0x6e64c3e0:   0d 0f b6 e8 77 1a 8d 34 ab 8b 46 0c 85 c0 74 36
0x6e64c3f0:   8b 10 89 56 0c 83 c4 2c 5b 5e 5f 5d c2 04 00 90
0x6e64c400:   c7 44 24 08 70 00 00 00 8d 34 ab c7 44 24 04 40 


Register to memory mapping:

EAX=0x3edf0000 is an unknown value
EBX=0x0abb1af0 is an unknown value
ECX=0x0abb1af0 is an unknown value
EDX=0x000000a8 is an unknown value
ESP=0x062cf080 is pointing into the stack for thread: 0x05993c00
EBP=0x00000005 is an unknown value
ESI=0x0abb1b04 is an unknown value
EDI=0x0a0588e8 is an unknown value


Stack: [0x06280000,0x062d0000],  sp=0x062cf080,  free space=316k
Native frames: (J=compiled Java code, j=interpreted, Vv=VM code, C=native code)
C  [gdx-box2d.dll+0xc3f0]

Java frames: (J=compiled Java code, j=interpreted, Vv=VM code)
j  com.badlogic.gdx.physics.box2d.World.jniStep(JFII)V+0
J 604 C1 com.semdog.ultranaut.universe.Universe.update(F)V (559 bytes) @ 0x033b9068 [0x033b8fe0+0x88]
j  com.semdog.ultranaut.states.PlayState.update(F)V+48
j  com.semdog.ultranaut.states.PlayState.render(F)V+2
j  com.badlogic.gdx.Game.render()V+19
j  com.semdog.ultranaut.UltranautGame.render()V+1
j  com.badlogic.gdx.backends.lwjgl.LwjglApplication.mainLoop()V+684
j  com.badlogic.gdx.backends.lwjgl.LwjglApplication$1.run()V+27
v  ~StubRoutines::call_stub

---------------  P R O C E S S  ---------------

Java Threads: ( => current thread )
  0x05990000 JavaThread "LWJGL Timer" daemon [_thread_blocked, id=368, stack(0x0bc00000,0x0bc50000)]
  0x05991000 JavaThread "DestroyJavaVM" [_thread_blocked, id=1212, stack(0x03000000,0x03050000)]
=>0x05993c00 JavaThread "LWJGL Application" [_thread_in_native, id=8320, stack(0x06280000,0x062d0000)]
  0x0580ec00 JavaThread "Service Thread" daemon [_thread_blocked, id=8832, stack(0x05ce0000,0x05d30000)]
  0x057fb400 JavaThread "C1 CompilerThread0" daemon [_thread_blocked, id=2324, stack(0x05c50000,0x05ca0000)]
  0x057f9c00 JavaThread "Attach Listener" daemon [_thread_blocked, id=8348, stack(0x05bc0000,0x05c10000)]
  0x057f8c00 JavaThread "Signal Dispatcher" daemon [_thread_blocked, id=2028, stack(0x05b30000,0x05b80000)]
  0x057c6000 JavaThread "Finalizer" daemon [_thread_blocked, id=1820, stack(0x05a90000,0x05ae0000)]
  0x057c1400 JavaThread "Reference Handler" daemon [_thread_blocked, id=7672, stack(0x05a00000,0x05a50000)]

Other Threads:
  0x0323c400 VMThread [stack: 0x05770000,0x057c0000] [id=5416]
  0x057f4800 WatcherThread [stack: 0x05d70000,0x05dc0000] [id=3040]

VM state:not at safepoint (normal execution)

VM Mutex/Monitor currently owned by a thread: None

Heap:
 def new generation   total 4928K, used 776K [0x0f200000, 0x0f750000, 0x14750000)
  eden space 4416K,   5% used [0x0f200000, 0x0f2422f8, 0x0f650000)
  from space 512K, 100% used [0x0f650000, 0x0f6d0000, 0x0f6d0000)
  to   space 512K,   0% used [0x0f6d0000, 0x0f6d0000, 0x0f750000)
 tenured generation   total 10944K, used 4937K [0x14750000, 0x15200000, 0x1f200000)
   the space 10944K,  45% used [0x14750000, 0x14c22408, 0x14c22600, 0x15200000)
 Metaspace       used 5740K, capacity 5915K, committed 6016K, reserved 6528K

Card table byte_map: [0x05240000,0x052d0000] byte_map_base: 0x051c7000

Polling page: 0x01310000

CodeCache: size=32768Kb used=1679Kb max_used=1679Kb free=31088Kb
 bounds [0x03240000, 0x033e8000, 0x05240000]
 total_blobs=970 nmethods=673 adapters=228
 compilation: enabled

Compilation events (10 events):
Event: 19.433 Thread 0x057fb400  672             com.badlogic.gdx.graphics.g2d.SpriteBatch::draw (672 bytes)
Event: 19.434 Thread 0x057fb400 nmethod 672 0x033e0a88 code [0x033e0c40, 0x033e126c]
Event: 19.827 Thread 0x057fb400  673             com.semdog.ultranaut.vehicles.Ship::draw (9 bytes)
Event: 19.827 Thread 0x057fb400 nmethod 673 0x033e1b88 code [0x033e1c90, 0x033e1d68]
Event: 20.176 Thread 0x057fb400  674             com.semdog.ultranaut.states.TutorialManager::isShowing (4 bytes)
Event: 20.176 Thread 0x057fb400 nmethod 674 0x033e1e88 code [0x033e1f80, 0x033e1ff0]
Event: 20.227 Thread 0x057fb400  675             com.semdog.ultranaut.player.ShipToolbox::draw (191 bytes)
Event: 20.228 Thread 0x057fb400 nmethod 675 0x033e2048 code [0x033e2280, 0x033e2800]
Event: 21.727 Thread 0x057fb400  677             sun.misc.FloatingDecimal$BinaryToASCIIBuffer::estimateDecExp (182 bytes)
Event: 21.728 Thread 0x057fb400 nmethod 677 0x033e3a48 code [0x033e3b80, 0x033e3e20]

GC Heap History (10 events):
Event: 1.170 GC heap before
{Heap before GC invocations=1 (full 0):
 def new generation   total 4928K, used 4928K [0x0f200000, 0x0f750000, 0x14750000)
  eden space 4416K, 100% used [0x0f200000, 0x0f650000, 0x0f650000)
  from space 512K, 100% used [0x0f6d0000, 0x0f750000, 0x0f750000)
  to   space 512K,   0% used [0x0f650000, 0x0f650000, 0x0f6d0000)
 tenured generation   total 10944K, used 740K [0x14750000, 0x15200000, 0x1f200000)
   the space 10944K,   6% used [0x14750000, 0x14809070, 0x14809200, 0x15200000)
 Metaspace       used 4294K, capacity 4324K, committed 4416K, reserved 4480K
Event: 1.173 GC heap after
Heap after GC invocations=2 (full 0):
 def new generation   total 4928K, used 512K [0x0f200000, 0x0f750000, 0x14750000)
  eden space 4416K,   0% used [0x0f200000, 0x0f200000, 0x0f650000)
  from space 512K, 100% used [0x0f650000, 0x0f6d0000, 0x0f6d0000)
  to   space 512K,   0% used [0x0f6d0000, 0x0f6d0000, 0x0f750000)
 tenured generation   total 10944K, used 1848K [0x14750000, 0x15200000, 0x1f200000)
   the space 10944K,  16% used [0x14750000, 0x1491e010, 0x1491e200, 0x15200000)
 Metaspace       used 4294K, capacity 4324K, committed 4416K, reserved 4480K
}
Event: 1.828 GC heap before
{Heap before GC invocations=2 (full 0):
 def new generation   total 4928K, used 4928K [0x0f200000, 0x0f750000, 0x14750000)
  eden space 4416K, 100% used [0x0f200000, 0x0f650000, 0x0f650000)
  from space 512K, 100% used [0x0f650000, 0x0f6d0000, 0x0f6d0000)
  to   space 512K,   0% used [0x0f6d0000, 0x0f6d0000, 0x0f750000)
 tenured generation   total 10944K, used 1848K [0x14750000, 0x15200000, 0x1f200000)
   the space 10944K,  16% used [0x14750000, 0x1491e010, 0x1491e200, 0x15200000)
 Metaspace       used 5115K, capacity 5124K, committed 5248K, reserved 5504K
Event: 1.830 GC heap after
Heap after GC invocations=3 (full 0):
 def new generation   total 4928K, used 512K [0x0f200000, 0x0f750000, 0x14750000)
  eden space 4416K,   0% used [0x0f200000, 0x0f200000, 0x0f650000)
  from space 512K, 100% used [0x0f6d0000, 0x0f750000, 0x0f750000)
  to   space 512K,   0% used [0x0f650000, 0x0f650000, 0x0f6d0000)
 tenured generation   total 10944K, used 3160K [0x14750000, 0x15200000, 0x1f200000)
   the space 10944K,  28% used [0x14750000, 0x14a66390, 0x14a66400, 0x15200000)
 Metaspace       used 5115K, capacity 5124K, committed 5248K, reserved 5504K
}
Event: 5.593 GC heap before
{Heap before GC invocations=3 (full 0):
 def new generation   total 4928K, used 4928K [0x0f200000, 0x0f750000, 0x14750000)
  eden space 4416K, 100% used [0x0f200000, 0x0f650000, 0x0f650000)
  from space 512K, 100% used [0x0f6d0000, 0x0f750000, 0x0f750000)
  to   space 512K,   0% used [0x0f650000, 0x0f650000, 0x0f6d0000)
 tenured generation   total 10944K, used 3160K [0x14750000, 0x15200000, 0x1f200000)
   the space 10944K,  28% used [0x14750000, 0x14a66390, 0x14a66400, 0x15200000)
 Metaspace       used 5698K, capacity 5863K, committed 5888K, reserved 6528K
Event: 5.595 GC heap after
Heap after GC invocations=4 (full 0):
 def new generation   total 4928K, used 512K [0x0f200000, 0x0f750000, 0x14750000)
  eden space 4416K,   0% used [0x0f200000, 0x0f200000, 0x0f650000)
  from space 512K, 100% used [0x0f650000, 0x0f6d0000, 0x0f6d0000)
  to   space 512K,   0% used [0x0f6d0000, 0x0f6d0000, 0x0f750000)
 tenured generation   total 10944K, used 3728K [0x14750000, 0x15200000, 0x1f200000)
   the space 10944K,  34% used [0x14750000, 0x14af4158, 0x14af4200, 0x15200000)
 Metaspace       used 5698K, capacity 5863K, committed 5888K, reserved 6528K
}
Event: 18.260 GC heap before
{Heap before GC invocations=4 (full 0):
 def new generation   total 4928K, used 4928K [0x0f200000, 0x0f750000, 0x14750000)
  eden space 4416K, 100% used [0x0f200000, 0x0f650000, 0x0f650000)
  from space 512K, 100% used [0x0f650000, 0x0f6d0000, 0x0f6d0000)
  to   space 512K,   0% used [0x0f6d0000, 0x0f6d0000, 0x0f750000)
 tenured generation   total 10944K, used 3728K [0x14750000, 0x15200000, 0x1f200000)
   the space 10944K,  34% used [0x14750000, 0x14af4158, 0x14af4200, 0x15200000)
 Metaspace       used 5739K, capacity 5915K, committed 6016K, reserved 6528K
Event: 18.262 GC heap after
Heap after GC invocations=5 (full 0):
 def new generation   total 4928K, used 190K [0x0f200000, 0x0f750000, 0x14750000)
  eden space 4416K,   0% used [0x0f200000, 0x0f200000, 0x0f650000)
  from space 512K,  37% used [0x0f6d0000, 0x0f6ff8f8, 0x0f750000)
  to   space 512K,   0% used [0x0f650000, 0x0f650000, 0x0f6d0000)
 tenured generation   total 10944K, used 4234K [0x14750000, 0x15200000, 0x1f200000)
   the space 10944K,  38% used [0x14750000, 0x14b72ba0, 0x14b72c00, 0x15200000)
 Metaspace       used 5739K, capacity 5915K, committed 6016K, reserved 6528K
}
Event: 20.844 GC heap before
{Heap before GC invocations=5 (full 0):
 def new generation   total 4928K, used 4606K [0x0f200000, 0x0f750000, 0x14750000)
  eden space 4416K, 100% used [0x0f200000, 0x0f650000, 0x0f650000)
  from space 512K,  37% used [0x0f6d0000, 0x0f6ff8f8, 0x0f750000)
  to   space 512K,   0% used [0x0f650000, 0x0f650000, 0x0f6d0000)
 tenured generation   total 10944K, used 4234K [0x14750000, 0x15200000, 0x1f200000)
   the space 10944K,  38% used [0x14750000, 0x14b72ba0, 0x14b72c00, 0x15200000)
 Metaspace       used 5740K, capacity 5915K, committed 6016K, reserved 6528K
Event: 20.846 GC heap after
Heap after GC invocations=6 (full 0):
 def new generation   total 4928K, used 512K [0x0f200000, 0x0f750000, 0x14750000)
  eden space 4416K,   0% used [0x0f200000, 0x0f200000, 0x0f650000)
  from space 512K, 100% used [0x0f650000, 0x0f6d0000, 0x0f6d0000)
  to   space 512K,   0% used [0x0f6d0000, 0x0f6d0000, 0x0f750000)
 tenured generation   total 10944K, used 4937K [0x14750000, 0x15200000, 0x1f200000)
   the space 10944K,  45% used [0x14750000, 0x14c22408, 0x14c22600, 0x15200000)
 Metaspace       used 5740K, capacity 5915K, committed 6016K, reserved 6528K
}

Deoptimization events (0 events):
No events

Internal exceptions (10 events):
Event: 0.352 Thread 0x0130c800 Exception <a 'java/security/PrivilegedActionException'> (0x0f3b36c0) thrown at [C:\re\workspace\8-2-build-windows-i586-cygwin\jdk8u51\3951\hotspot\src\share\vm\prims\jvm.cpp, line 1382]
Event: 0.559 Thread 0x0130c800 Exception <a 'java/security/PrivilegedActionException'> (0x0f52c448) thrown at [C:\re\workspace\8-2-build-windows-i586-cygwin\jdk8u51\3951\hotspot\src\share\vm\prims\jvm.cpp, line 1382]
Event: 0.559 Thread 0x0130c800 Exception <a 'java/security/PrivilegedActionException'> (0x0f52ddf8) thrown at [C:\re\workspace\8-2-build-windows-i586-cygwin\jdk8u51\3951\hotspot\src\share\vm\prims\jvm.cpp, line 1382]
Event: 0.559 Thread 0x0130c800 Exception <a 'java/security/PrivilegedActionException'> (0x0f52edb0) thrown at [C:\re\workspace\8-2-build-windows-i586-cygwin\jdk8u51\3951\hotspot\src\share\vm\prims\jvm.cpp, line 1382]
Event: 0.559 Thread 0x0130c800 Exception <a 'java/security/PrivilegedActionException'> (0x0f533728) thrown at [C:\re\workspace\8-2-build-windows-i586-cygwin\jdk8u51\3951\hotspot\src\share\vm\prims\jvm.cpp, line 1382]
Event: 0.559 Thread 0x0130c800 Exception <a 'java/security/PrivilegedActionException'> (0x0f534248) thrown at [C:\re\workspace\8-2-build-windows-i586-cygwin\jdk8u51\3951\hotspot\src\share\vm\prims\jvm.cpp, line 1382]
Event: 0.559 Thread 0x0130c800 Exception <a 'java/security/PrivilegedActionException'> (0x0f534d28) thrown at [C:\re\workspace\8-2-build-windows-i586-cygwin\jdk8u51\3951\hotspot\src\share\vm\prims\jvm.cpp, line 1382]
Event: 1.883 Thread 0x05993c00 Exception <a 'java/lang/NoSuchFieldError': method resolution failed> (0x0f2cef80) thrown at [C:\re\workspace\8-2-build-windows-i586-cygwin\jdk8u51\3951\hotspot\src\share\vm\prims\methodHandles.cpp, line 1125]
Event: 1.884 Thread 0x05993c00 Exception <a 'java/lang/NoSuchFieldError': method resolution failed> (0x0f2dc0a0) thrown at [C:\re\workspace\8-2-build-windows-i586-cygwin\jdk8u51\3951\hotspot\src\share\vm\prims\methodHandles.cpp, line 1125]
Event: 3.943 Thread 0x05993c00 Implicit null exception at 0x032f4343 to 0x032f43b5

Events (10 events):
Event: 20.847 Executing VM operation: RevokeBias
Event: 20.847 Executing VM operation: RevokeBias done
Event: 20.847 Executing VM operation: RevokeBias
Event: 20.847 Executing VM operation: RevokeBias done
Event: 20.847 Executing VM operation: RevokeBias
Event: 20.847 Executing VM operation: RevokeBias done
Event: 20.847 Executing VM operation: RevokeBias
Event: 20.847 Executing VM operation: RevokeBias done
Event: 20.847 Executing VM operation: RevokeBias
Event: 20.847 Executing VM operation: RevokeBias done


Dynamic libraries:
0x00aa0000 - 0x00ad3000 	P:\Eclipse Mars\Java\JDK\bin\javaw.exe
0x77b90000 - 0x77d09000 	C:\WINDOWS\SYSTEM32\ntdll.dll
0x76110000 - 0x76200000 	C:\WINDOWS\SYSTEM32\KERNEL32.DLL
0x77750000 - 0x778c6000 	C:\WINDOWS\SYSTEM32\KERNELBASE.dll
0x76260000 - 0x762db000 	C:\WINDOWS\SYSTEM32\ADVAPI32.dll
0x769c0000 - 0x76a7e000 	C:\WINDOWS\SYSTEM32\msvcrt.dll
0x77b40000 - 0x77b83000 	C:\WINDOWS\SYSTEM32\sechost.dll
0x76710000 - 0x767bc000 	C:\WINDOWS\SYSTEM32\RPCRT4.dll
0x74c80000 - 0x74c9e000 	C:\WINDOWS\SYSTEM32\SspiCli.dll
0x74c70000 - 0x74c7a000 	C:\WINDOWS\SYSTEM32\CRYPTBASE.dll
0x74c10000 - 0x74c69000 	C:\WINDOWS\SYSTEM32\bcryptPrimitives.dll
0x76cb0000 - 0x76df0000 	C:\WINDOWS\SYSTEM32\USER32.dll
0x762e0000 - 0x7642d000 	C:\WINDOWS\SYSTEM32\GDI32.dll
0x73e60000 - 0x74069000 	C:\WINDOWS\WinSxS\x86_microsoft.windows.common-controls_6595b64144ccf1df_6.0.10240.16384_none_3bccb1ff6bcd1849\COMCTL32.dll
0x77230000 - 0x7725b000 	C:\WINDOWS\SYSTEM32\IMM32.DLL
0x77100000 - 0x77220000 	C:\WINDOWS\SYSTEM32\MSCTF.dll
0x74be0000 - 0x74c0b000 	C:\WINDOWS\SYSTEM32\nvinit.dll
0x74bd0000 - 0x74bd8000 	C:\WINDOWS\SYSTEM32\VERSION.dll
0x0f000000 - 0x0f006000 	C:\Program Files (x86)\NVIDIA Corporation\CoProcManager\_etoured.dll
0x74ba0000 - 0x74bca000 	C:\Program Files (x86)\NVIDIA Corporation\CoProcManager\nvd3d9wrap.dll
0x76430000 - 0x765d5000 	C:\WINDOWS\SYSTEM32\SETUPAPI.dll
0x768c0000 - 0x768f6000 	C:\WINDOWS\SYSTEM32\CFGMGR32.dll
0x74b80000 - 0x74b9e000 	C:\Program Files (x86)\NVIDIA Corporation\CoProcManager\nvdxgiwrap.dll
0x6bcc0000 - 0x6bd21000 	c:\program files (x86)\f-secure\apps\computersecurity\hips\fshook32.dll
0x76900000 - 0x76906000 	C:\WINDOWS\SYSTEM32\PSAPI.DLL
0x59c20000 - 0x59cdf000 	P:\Eclipse Mars\Java\JDK\jre\bin\msvcr100.dll
0x59320000 - 0x596e0000 	P:\Eclipse Mars\Java\JDK\jre\bin\client\jvm.dll
0x748e0000 - 0x74904000 	C:\WINDOWS\SYSTEM32\WINMM.dll
0x749c0000 - 0x749c8000 	C:\WINDOWS\SYSTEM32\WSOCK32.dll
0x76df0000 - 0x76e4c000 	C:\WINDOWS\SYSTEM32\WS2_32.dll
0x769b0000 - 0x769b7000 	C:\WINDOWS\SYSTEM32\NSI.dll
0x748b0000 - 0x748d3000 	C:\WINDOWS\SYSTEM32\winmmbase.dll
0x73e00000 - 0x73e21000 	C:\WINDOWS\SYSTEM32\DEVOBJ.dll
0x59c10000 - 0x59c1c000 	P:\Eclipse Mars\Java\JDK\jre\bin\verify.dll
0x59be0000 - 0x59c01000 	P:\Eclipse Mars\Java\JDK\jre\bin\java.dll
0x59bc0000 - 0x59bd3000 	P:\Eclipse Mars\Java\JDK\jre\bin\zip.dll
0x74ca0000 - 0x7605e000 	C:\WINDOWS\SYSTEM32\SHELL32.dll
0x77270000 - 0x7774c000 	C:\WINDOWS\SYSTEM32\windows.storage.dll
0x76ad0000 - 0x76c8a000 	C:\WINDOWS\SYSTEM32\combase.dll
0x76a80000 - 0x76ac4000 	C:\WINDOWS\SYSTEM32\shlwapi.dll
0x77260000 - 0x7726c000 	C:\WINDOWS\SYSTEM32\kernel.appcore.dll
0x76920000 - 0x769ad000 	C:\WINDOWS\SYSTEM32\shcore.dll
0x770b0000 - 0x770f4000 	C:\WINDOWS\SYSTEM32\powrprof.dll
0x765e0000 - 0x765ef000 	C:\WINDOWS\SYSTEM32\profapi.dll
0x6cec0000 - 0x6cf33000 	C:\Users\Sam\AppData\Local\Temp\libgdxSam\6d55fd6f\gdx.dll
0x74990000 - 0x749a3000 	C:\WINDOWS\SYSTEM32\CRYPTSP.dll
0x74970000 - 0x7498b000 	C:\WINDOWS\SYSTEM32\bcrypt.dll
0x74940000 - 0x7496f000 	C:\WINDOWS\system32\rsaenh.dll
0x744c0000 - 0x744d9000 	C:\WINDOWS\SYSTEM32\USERENV.dll
0x59ba0000 - 0x59bb5000 	P:\Eclipse Mars\Java\JDK\jre\bin\net.dll
0x746d0000 - 0x7471e000 	C:\WINDOWS\system32\mswsock.dll
0x73e30000 - 0x73e60000 	C:\WINDOWS\SYSTEM32\IPHLPAPI.DLL
0x73df0000 - 0x73df8000 	C:\WINDOWS\SYSTEM32\WINNSI.DLL
0x745f0000 - 0x74603000 	C:\WINDOWS\SYSTEM32\dhcpcsvc6.DLL
0x745d0000 - 0x745e4000 	C:\WINDOWS\SYSTEM32\dhcpcsvc.DLL
0x59b90000 - 0x59b9f000 	P:\Eclipse Mars\Java\JDK\jre\bin\nio.dll
0x05dc0000 - 0x05e0f000 	C:\Users\Sam\AppData\Local\Temp\libgdxSam\68069333\lwjgl.dll
0x58fe0000 - 0x590c0000 	C:\WINDOWS\SYSTEM32\OPENGL32.dll
0x59870000 - 0x59895000 	C:\WINDOWS\SYSTEM32\GLU32.dll
0x58ef0000 - 0x58fdb000 	C:\WINDOWS\SYSTEM32\DDRAW.dll
0x59b70000 - 0x59b77000 	C:\WINDOWS\SYSTEM32\DCIMAN32.dll
0x05e20000 - 0x05e85000 	C:\Users\Sam\AppData\Local\Temp\libgdxSam\68069333\OpenAL32.dll
0x76e50000 - 0x76f3a000 	C:\WINDOWS\SYSTEM32\ole32.dll
0x6d240000 - 0x6d2b5000 	C:\WINDOWS\system32\uxtheme.dll
0x76080000 - 0x76102000 	C:\WINDOWS\SYSTEM32\clbcatq.dll
0x74a20000 - 0x74b62000 	C:\WINDOWS\System32\PROPSYS.dll
0x77aa0000 - 0x77b32000 	C:\WINDOWS\SYSTEM32\OLEAUT32.dll
0x58e60000 - 0x58ee6000 	C:\WINDOWS\SYSTEM32\dsound.dll
0x60fa0000 - 0x60ff4000 	C:\WINDOWS\System32\MMDevApi.dll
0x610d0000 - 0x61138000 	C:\WINDOWS\SYSTEM32\AUDIOSES.DLL
0x61000000 - 0x610c5000 	C:\WINDOWS\SYSTEM32\wintypes.dll
0x6b2e0000 - 0x6b2fd000 	C:\WINDOWS\system32\dwmapi.dll
0x778d0000 - 0x77912000 	C:\WINDOWS\SYSTEM32\WINTRUST.dll
0x76910000 - 0x7691e000 	C:\WINDOWS\SYSTEM32\MSASN1.dll
0x77920000 - 0x77a95000 	C:\WINDOWS\SYSTEM32\CRYPT32.dll
0x57c80000 - 0x58e57000 	C:\WINDOWS\SYSTEM32\nvoglv32.DLL
0x744e0000 - 0x744ef000 	C:\WINDOWS\SYSTEM32\WTSAPI32.dll
0x728d0000 - 0x728f8000 	C:\WINDOWS\SYSTEM32\ntmarta.dll
0x6d360000 - 0x6d3a4000 	C:\WINDOWS\SYSTEM32\WINSTA.dll
0x5faa0000 - 0x5fb1f000 	C:\WINDOWS\SYSTEM32\mscms.dll
0x5fa60000 - 0x5fa9d000 	C:\WINDOWS\SYSTEM32\icm32.dll
0x5a030000 - 0x5aae3000 	C:\WINDOWS\system32\igd10umd32.dll
0x6e640000 - 0x6e6d2000 	C:\Users\Sam\AppData\Local\Temp\libgdxSam\18a28f8e\gdx-box2d.dll
0x55330000 - 0x5546f000 	C:\WINDOWS\SYSTEM32\dbghelp.dll

VM Arguments:
jvm_args: -Djava.library.path=P:\IT PAT 2015 - Eclipse Workspace\Ultranaut - LibGDX\lib\natives;P:\IT PAT 2015 - Eclipse Workspace\Ultranaut - LibGDX\lib\natives;P:\IT PAT 2015 - Eclipse Workspace\Ultranaut - LibGDX\lib\natives -Dfile.encoding=Cp1252 
java_command: com.semdog.ultranaut.Loader
java_class_path (initial): P:\IT PAT 2015 - Eclipse Workspace\Ultranaut - LibGDX\bin;P:\IT PAT 2015 - Eclipse Workspace\Ultranaut - LibGDX\lib\gdx-backend-lwjgl.jar;P:\IT PAT 2015 - Eclipse Workspace\Ultranaut - LibGDX\lib\gdx.jar;P:\IT PAT 2015 - Eclipse Workspace\Ultranaut - LibGDX\lib\gdx-box2d.jar;P:\IT PAT 2015 - Eclipse Workspace\Ultranaut - LibGDX\lib\natives\gdx-backend-lwjgl-natives.jar;P:\IT PAT 2015 - Eclipse Workspace\Ultranaut - LibGDX\lib\natives\gdx-natives.jar;P:\IT PAT 2015 - Eclipse Workspace\Ultranaut - LibGDX\lib\natives\gdx-box2d-natives.jar;P:\IT PAT 2015 - Eclipse Workspace\Ultranaut - LibGDX\lib\gdx-tools.jar
Launcher Type: SUN_STANDARD

Environment Variables:
JAVA_HOME=C:\Program Files\Java\jdk1.8.0_05
PATH=C:\Python34\;C:\Python34\Scripts;C:\Ruby193\bin;C:\ProgramData\Oracle\Java\javapath;C:\Windows\system32;C:\Windows;C:\Windows\System32\Wbem;C:\Windows\System32\WindowsPowerShell\v1.0\;C:\Program Files\Intel\WiFi\bin\;C:\Program Files\Common Files\Intel\WirelessCommon\;C:\Program Files\Microsoft SQL Server\110\Tools\Binn\;C:\Program Files (x86)\QuickTime\QTSystem\;C:\Android SDK\tools\;C:\Android SDK\platform-tools\;C:\Program Files (x86)\GtkSharp\2.12\bin;C:\Program Files (x86)\Lua\5.1;C:\Program Files (x86)\Lua\5.1\clibs;C:\Program Files (x86)\Intel\OpenCL SDK\2.0\bin\x86;C:\Program Files (x86)\Intel\OpenCL SDK\2.0\bin\x64;C:\Program Files (x86)\IVI Foundation\VISA\WinNT\Bin;C:\Program Files (x86)\nodejs\;C:\Program Files (x86)\Skype\Phone\;C:\Program Files (x86)\NVIDIA Corporation\PhysX\Common;C:\WINDOWS\system32;C:\WINDOWS;C:\WINDOWS\System32\Wbem;C:\WINDOWS\System32\WindowsPowerShell\v1.0\;C:\WINDOWS\system32\config\systemprofile\.dnx\bin;C:\Program Files\Microsoft DNX\Dnvm\;C:\Program Files (x86)\Brackets\command; C:\Program Files\LOVE\love.exe;c:\ffmpeg\bin;C:\Program Files\Intel\WiFi\bin\;C:\Program Files\Common Files\Intel\WirelessCommon\;C:\Program Files (x86)\Wave Engine\Tools\AssetsExporter;C:\Users\Sam\AppData\Roaming\npm; C:\Program Files\LOVE
USERNAME=Sam
OS=Windows_NT
PROCESSOR_IDENTIFIER=Intel64 Family 6 Model 42 Stepping 7, GenuineIntel



---------------  S Y S T E M  ---------------

OS: Windows 10.0 , 64 bit Build 10240 (10.0.10240.16384)

CPU:total 4 (2 cores per cpu, 2 threads per core) family 6 model 42 stepping 7, cmov, cx8, fxsr, mmx, sse, sse2, sse3, ssse3, sse4.1, sse4.2, popcnt, avx, aes, clmul, ht, tsc, tscinvbit

Memory: 4k page, physical 6197420k(2886140k free), swap 8818860k(4287912k free)

vm_info: Java HotSpot(TM) Client VM (25.51-b03) for windows-x86 JRE (1.8.0_51-b16), built on Jun  8 2015 18:00:23 by "java_re" with MS VC++ 10.0 (VS2010)

time: Fri Oct 23 16:25:22 2015
elapsed time: 22 seconds (0d 0h 0m 22s)

